<?xml version="1.0" encoding="UTF-8"?>
<!-- Generated by org.testng.reporters.JUnitReportReporter -->
<testsuite skipped="0" hostname="DESKTOP-7E96186" name="POM.QAM.Demo.DemoTest" tests="4" failures="0" timestamp="30 Jul 2019 03:24:59 GMT" time="0.027" errors="0">
  <testcase name="Sub" time="0.000" classname="POM.QAM.Demo.DemoTest"/>
  <testcase name="Multi" time="0.001" classname="POM.QAM.Demo.DemoTest"/>
  <testcase name="add" time="0.000" classname="POM.QAM.Demo.DemoTest"/>
  <testcase name="Div" time="0.026" classname="POM.QAM.Demo.DemoTest"/>
</testsuite> <!-- POM.QAM.Demo.DemoTest -->
